-------------------------------------------------------------------------------
Test set: cucumberTest.runner.CucumberRunnerTest
-------------------------------------------------------------------------------
Tests run: 1, Failures: 1, Errors: 0, Skipped: 0, Time elapsed: 15.666 s <<< FAILURE! - in cucumberTest.runner.CucumberRunnerTest
Proceed to checkout, final review and place order as guest user(Desktop Checkout for Guest User)  Time elapsed: 14.68 s  <<< FAILURE!
java.lang.AssertionError: The search results do not contain the required books!

