-------------------------------------------------------------------------------
Test set: cucumberTest.runner.CucumberRunnerTest
-------------------------------------------------------------------------------
Tests run: 1, Failures: 0, Errors: 1, Skipped: 0, Time elapsed: 0.616 sec <<< FAILURE!
initializationError(cucumberTest.runner.CucumberRunnerTest)  Time elapsed: 0.005 sec  <<< ERROR!
java.lang.IllegalArgumentException: Couldn't create parent directories of 'C:\Users\Ilona_Shabelnyk\IdeaProjects\CucumberHomework10\target\cucumber-reports\CucumberTests.json'.
Make sure the the parent directory 'C:\Users\Ilona_Shabelnyk\IdeaProjects\CucumberHomework10\target\cucumber-reports' isn't a file.

Note: This usually happens when plugins write to colliding paths.
For example: 'html:target/cucumber, json:target/cucumber/report.json'
You can fix this by making the paths do no collide.
For example: 'html:target/cucumber/report.html, json:target/cucumber/report.json'
The details are in the stack trace below:
	at io.cucumber.core.plugin.PluginFactory.createFileOutputStream(PluginFactory.java:222)
	at io.cucumber.core.plugin.PluginFactory.openStream(PluginFactory.java:199)
	at io.cucumber.core.plugin.PluginFactory.convert(PluginFactory.java:166)
	at io.cucumber.core.plugin.PluginFactory.instantiate(PluginFactory.java:99)
	at io.cucumber.core.plugin.PluginFactory.create(PluginFactory.java:63)
	at io.cucumber.core.plugin.Plugins.createPlugins(Plugins.java:32)
	at io.cucumber.core.plugin.Plugins.<init>(Plugins.java:25)
	at io.cucumber.junit.Cucumber.<init>(Cucumber.java:162)
	at sun.reflect.NativeConstructorAccessorImpl.newInstance0(Native Method)
	at sun.reflect.NativeConstructorAccessorImpl.newInstance(NativeConstructorAccessorImpl.java:62)
	at sun.reflect.DelegatingConstructorAccessorImpl.newInstance(DelegatingConstructorAccessorImpl.java:45)
	at java.lang.reflect.Constructor.newInstance(Constructor.java:423)
	at org.junit.internal.builders.AnnotatedBuilder.buildRunner(AnnotatedBuilder.java:104)
	at org.junit.internal.builders.AnnotatedBuilder.runnerForClass(AnnotatedBuilder.java:86)
	at org.junit.runners.model.RunnerBuilder.safeRunnerForClass(RunnerBuilder.java:70)
	at org.junit.internal.builders.AllDefaultPossibilitiesBuilder.runnerForClass(AllDefaultPossibilitiesBuilder.java:37)
	at org.junit.runners.model.RunnerBuilder.safeRunnerForClass(RunnerBuilder.java:70)
	at org.junit.internal.requests.ClassRequest.createRunner(ClassRequest.java:28)
	at org.junit.internal.requests.MemoizingRequest.getRunner(MemoizingRequest.java:19)
	at org.apache.maven.surefire.junit4.JUnit4Provider.execute(JUnit4Provider.java:250)
	at org.apache.maven.surefire.junit4.JUnit4Provider.executeTestSet(JUnit4Provider.java:141)
	at org.apache.maven.surefire.junit4.JUnit4Provider.invoke(JUnit4Provider.java:112)
	at sun.reflect.NativeMethodAccessorImpl.invoke0(Native Method)
	at sun.reflect.NativeMethodAccessorImpl.invoke(NativeMethodAccessorImpl.java:62)
	at sun.reflect.DelegatingMethodAccessorImpl.invoke(DelegatingMethodAccessorImpl.java:43)
	at java.lang.reflect.Method.invoke(Method.java:498)
	at org.apache.maven.surefire.util.ReflectionUtils.invokeMethodWithArray(ReflectionUtils.java:189)
	at org.apache.maven.surefire.booter.ProviderFactory$ProviderProxy.invoke(ProviderFactory.java:165)
	at org.apache.maven.surefire.booter.ProviderFactory.invokeProvider(ProviderFactory.java:85)
	at org.apache.maven.surefire.booter.ForkedBooter.runSuitesInProcess(ForkedBooter.java:115)
	at org.apache.maven.surefire.booter.ForkedBooter.main(ForkedBooter.java:75)
Caused by: java.nio.file.FileAlreadyExistsException: C:\Users\Ilona_Shabelnyk\IdeaProjects\CucumberHomework10\target\cucumber-reports
	at sun.nio.fs.WindowsException.translateToIOException(WindowsException.java:81)
	at sun.nio.fs.WindowsException.rethrowAsIOException(WindowsException.java:97)
	at sun.nio.fs.WindowsException.rethrowAsIOException(WindowsException.java:102)
	at sun.nio.fs.WindowsFileSystemProvider.createDirectory(WindowsFileSystemProvider.java:504)
	at java.nio.file.Files.createDirectory(Files.java:674)
	at java.nio.file.Files.createAndCheckIsDirectory(Files.java:781)
	at java.nio.file.Files.createDirectories(Files.java:727)
	at io.cucumber.core.plugin.PluginFactory.createFileOutputStream(PluginFactory.java:218)
	... 30 more

