<?xml version="1.0" encoding="UTF-8"?>
<testsuite xmlns:xsi="http://www.w3.org/2001/XMLSchema-instance" xsi:noNamespaceSchemaLocation="https://maven.apache.org/surefire/maven-surefire-plugin/xsd/surefire-test-report-3.0.xsd" version="3.0" name="cucumberTest.runner.CucumberRunnerTest" time="14.056" tests="2" errors="0" skipped="0" failures="0">
  <properties>
[...]
</properties>
  <testcase name="Proceed to checkout, final review and place order as guest user" classname="Desktop Checkout for Guest User" time="7.353"/>
  <testcase name="When opening Bookdepository website in the browser, user is redirected into proper Home page" classname="As a user I want to get ability to open Bookdepository website" time="5.775"/>
</testsuite>